{
  "RSpec": {
    "coverage": {
      "/Users/etiennemustow/oystercard/spec/journey_spec.rb": [
        1,
        null,
        1,
        null,
        1,
        2,
        null,
        1,
        1,
        null,
        null,
        null
      ],
      "/Users/etiennemustow/oystercard/lib/journey.rb": [
        1,
        1,
        null,
        1,
        null,
        1,
        1,
        null,
        1,
        1,
        null,
        null,
        1,
        1,
        null,
        null,
        null,
        null,
        null,
        null
      ],
      "/Users/etiennemustow/oystercard/lib/oystercard.rb": [
        1,
        null,
        1,
        1,
        null,
        1,
        1,
        1,
        1,
        null,
        1,
        12,
        12,
        12,
        null,
        null,
        1,
        9,
        8,
        null,
        null,
        1,
        6,
        5,
        5,
        null,
        null,
        1,
        4,
        4,
        4,
        4,
        4,
        null,
        null,
        1,
        3,
        null,
        null,
        1,
        6,
        null,
        null,
        1,
        7,
        null,
        null,
        1,
        null,
        1,
        5,
        null,
        null,
        null,
        null
      ],
      "/Users/etiennemustow/oystercard/lib/station.rb": [
        1,
        null,
        1,
        2,
        null,
        null,
        1,
        1,
        null,
        null,
        1,
        1,
        null,
        null,
        null
      ],
      "/Users/etiennemustow/oystercard/spec/oystercard_spec.rb": [
        1,
        null,
        1,
        null,
        1,
        1,
        null,
        null,
        1,
        2,
        null,
        null,
        1,
        1,
        1,
        2,
        null,
        null,
        1,
        1,
        1,
        5,
        null,
        null,
        null,
        1,
        4,
        null,
        1,
        1,
        null,
        null,
        1,
        1,
        1,
        1,
        null,
        null,
        1,
        1,
        1,
        1,
        null,
        null,
        1,
        2,
        null,
        null,
        null,
        1,
        4,
        4,
        null,
        1,
        1,
        1,
        1,
        1,
        null,
        null,
        1,
        1,
        1,
        1,
        1,
        4,
        null,
        null,
        1,
        1,
        1,
        1,
        1,
        1,
        1,
        null,
        null,
        null,
        null,
        null,
        1,
        1,
        1,
        1,
        null,
        null,
        null,
        null,
        null,
        null,
        null
      ],
      "/Users/etiennemustow/oystercard/spec/station_spec.rb": [
        1,
        null,
        1,
        null,
        3,
        null,
        1,
        1,
        null,
        null,
        1,
        1,
        null,
        null
      ]
    },
    "timestamp": 1504626992
  }
}
